INFO    2021-05-10 12:05:46,409 [http-nio-8085-exec-7] main.UserLogin  - Inside UserLogin servlet class
INFO    2021-05-10 12:05:46,463 [http-nio-8085-exec-7] main.UserLogin  - Calling loginUser method of service class.
INFO    2021-05-10 12:05:49,003 [http-nio-8085-exec-7] main.UserLogin  - User login successful.
INFO    2021-05-10 12:42:14,966 [http-nio-8085-exec-8] main.UserLogin  - Inside UserLogin servlet class
INFO    2021-05-10 12:42:15,006 [http-nio-8085-exec-8] main.UserLogin  - Calling loginUser method of service class.
INFO    2021-05-10 12:42:18,085 [http-nio-8085-exec-8] main.UserLogin  - User login successful.
INFO    2021-05-10 12:42:22,447 [http-nio-8085-exec-1] main.UserOptionServlet  - Calling servlet to redirect to journey details:
INFO    2021-05-10 12:42:22,455 [http-nio-8085-exec-1] main.ViewJourneyServlet  - calling Flight details method
INFO    2021-05-10 12:43:16,080 [http-nio-8085-exec-7] main.BookingServlet  - Inside the Customer Service calling ticket booking method
INFO    2021-05-10 12:44:33,033 [http-nio-8085-exec-5] main.UserLogin  - Inside UserLogin servlet class
INFO    2021-05-10 12:44:33,084 [http-nio-8085-exec-5] main.UserLogin  - Calling loginUser method of service class.
INFO    2021-05-10 12:44:35,217 [http-nio-8085-exec-5] main.UserLogin  - User login successful.
INFO    2021-05-10 12:44:39,603 [http-nio-8085-exec-9] main.UserOptionServlet  - Calling servlet to redirect to journey details:
INFO    2021-05-10 12:44:39,615 [http-nio-8085-exec-9] main.ViewJourneyServlet  - calling Flight details method
INFO    2021-05-10 12:45:22,219 [http-nio-8085-exec-3] main.BookingServlet  - Inside the Customer Service calling ticket booking method
INFO    2021-05-10 12:56:39,729 [http-nio-8085-exec-6] main.UserLogin  - Inside UserLogin servlet class
INFO    2021-05-10 12:56:39,747 [http-nio-8085-exec-6] main.UserLogin  - Calling loginUser method of service class.
INFO    2021-05-10 12:56:40,901 [http-nio-8085-exec-6] main.UserLogin  - User login successful.
INFO    2021-05-10 12:56:45,302 [http-nio-8085-exec-1] main.UserOptionServlet  - Calling servlet to redirect to journey details:
INFO    2021-05-10 12:56:45,313 [http-nio-8085-exec-1] main.ViewJourneyServlet  - calling Flight details method
INFO    2021-05-10 12:57:37,494 [http-nio-8085-exec-11] main.BookingServlet  - Inside the Customer Service calling ticket booking method
INFO    2021-05-10 13:06:36,767 [http-nio-8085-exec-6] main.UserLogin  - Inside UserLogin servlet class
INFO    2021-05-10 13:06:36,791 [http-nio-8085-exec-6] main.UserLogin  - Calling loginUser method of service class.
INFO    2021-05-10 13:06:38,724 [http-nio-8085-exec-6] main.UserLogin  - User login successful.
INFO    2021-05-10 13:06:42,680 [http-nio-8085-exec-10] main.UserOptionServlet  - Calling servlet to redirect to journey details:
INFO    2021-05-10 13:06:42,690 [http-nio-8085-exec-10] main.ViewJourneyServlet  - calling Flight details method
INFO    2021-05-10 13:07:20,515 [http-nio-8085-exec-5] main.BookingServlet  - Inside the Customer Service calling ticket booking method
INFO    2021-05-10 13:07:20,516 [http-nio-8085-exec-5] service.CustomerServiceImpl  - Calling CustomerDaoImpl method
INFO    2021-05-10 13:07:23,125 [http-nio-8085-exec-5] main.ViewJourneyServlet  - calling Flight details method
INFO    2021-05-10 19:35:51,710 [http-nio-8085-exec-5] main.UserLogin  - Inside UserLogin servlet class
INFO    2021-05-10 19:35:51,802 [http-nio-8085-exec-5] main.UserLogin  - Calling loginUser method of service class.
INFO    2021-05-10 19:35:56,647 [http-nio-8085-exec-5] main.UserLogin  - User login successful.
INFO    2021-05-10 19:36:02,522 [http-nio-8085-exec-9] main.UserOptionServlet  - Calling servlet to redirect to journey details:
INFO    2021-05-10 19:36:02,608 [http-nio-8085-exec-9] main.ViewJourneyServlet  - calling Flight details method
INFO    2021-05-10 22:06:32,333 [http-nio-8085-exec-6] main.UserLogin  - Inside UserLogin servlet class
INFO    2021-05-10 22:06:32,366 [http-nio-8085-exec-6] main.UserLogin  - Calling loginUser method of service class.
INFO    2021-05-10 22:06:35,131 [http-nio-8085-exec-6] main.UserLogin  - User login successful.
INFO    2021-05-10 22:06:39,938 [http-nio-8085-exec-2] main.UserOptionServlet  - Calling servlet to redirect to journey details:
INFO    2021-05-10 22:06:39,951 [http-nio-8085-exec-2] main.ViewJourneyServlet  - calling Flight details method
INFO    2021-05-11 00:33:54,441 [http-nio-8085-exec-1] main.UserLogin  - Inside UserLogin servlet class
INFO    2021-05-11 00:33:54,474 [http-nio-8085-exec-1] main.UserLogin  - Calling loginUser method of service class.
INFO    2021-05-11 00:33:59,090 [http-nio-8085-exec-7] main.UserLogin  - Inside UserLogin servlet class
INFO    2021-05-11 00:33:59,095 [http-nio-8085-exec-7] main.UserLogin  - Calling loginUser method of service class.
INFO    2021-05-11 00:34:45,712 [http-nio-8085-exec-4] main.UserLogin  - Inside UserLogin servlet class
INFO    2021-05-11 00:34:45,714 [http-nio-8085-exec-4] main.UserLogin  - Calling loginUser method of service class.
INFO    2021-05-11 00:35:12,434 [http-nio-8085-exec-1] main.UserLogin  - Inside UserLogin servlet class
INFO    2021-05-11 00:35:12,437 [http-nio-8085-exec-1] main.UserLogin  - Calling loginUser method of service class.
INFO    2021-05-11 00:35:12,968 [http-nio-8085-exec-1] main.UserLogin  - User login successful.
INFO    2021-05-11 00:35:23,203 [http-nio-8085-exec-10] main.UserOptionServlet  - Calling servlet to redirect to journey details:
INFO    2021-05-11 00:35:23,222 [http-nio-8085-exec-10] main.ViewJourneyServlet  - calling Flight details method
INFO    2021-05-11 21:28:56,069 [http-nio-8085-exec-5] main.UserLogin  - Inside UserLogin servlet class
INFO    2021-05-11 21:28:56,099 [http-nio-8085-exec-5] main.UserLogin  - Calling loginUser method of service class.
INFO    2021-05-11 21:28:57,687 [http-nio-8085-exec-5] main.UserLogin  - User login successful.
INFO    2021-05-11 21:29:02,152 [http-nio-8085-exec-9] main.UserOptionServlet  - Calling servlet to redirect to journey details:
INFO    2021-05-11 21:29:02,173 [http-nio-8085-exec-9] main.ViewJourneyServlet  - calling Flight details method
INFO    2021-05-11 21:29:43,508 [http-nio-8085-exec-4] main.BookingServlet  - Inside the Customer Service calling ticket booking method
INFO    2021-05-11 21:29:43,509 [http-nio-8085-exec-4] service.CustomerServiceImpl  - Calling CustomerDaoImpl method
INFO    2021-05-11 21:29:44,630 [http-nio-8085-exec-4] main.ViewJourneyServlet  - calling Flight details method
INFO    2021-05-12 20:43:38,617 [http-nio-8085-exec-5] main.UserLogin  - Inside UserLogin servlet class
INFO    2021-05-12 20:43:38,636 [http-nio-8085-exec-5] main.UserLogin  - Calling loginUser method of service class.
INFO    2021-05-12 20:43:43,648 [http-nio-8085-exec-5] main.UserLogin  - User login successful.
INFO    2021-05-12 20:43:52,189 [http-nio-8085-exec-9] main.UserOptionServlet  - Calling servlet to redirect to journey details:
INFO    2021-05-12 20:43:52,204 [http-nio-8085-exec-9] main.ViewJourneyServlet  - calling Flight details method
INFO    2021-05-12 20:46:25,120 [http-nio-8085-exec-6] main.BookingServlet  - Inside the Customer Service calling ticket booking method
INFO    2021-05-12 20:46:25,121 [http-nio-8085-exec-6] service.CustomerServiceImpl  - Calling CustomerDaoImpl method
INFO    2021-05-12 20:46:26,457 [http-nio-8085-exec-6] main.ViewJourneyServlet  - calling Flight details method
INFO    2021-05-13 11:05:39,295 [http-nio-8085-exec-4] main.UserLogin  - Inside UserLogin servlet class
INFO    2021-05-13 11:05:39,337 [http-nio-8085-exec-4] main.UserLogin  - Calling loginUser method of service class.
INFO    2021-05-13 11:05:43,014 [http-nio-8085-exec-4] main.UserLogin  - User login successful.
INFO    2021-05-13 11:11:36,967 [http-nio-8085-exec-2] main.UserLogin  - Inside UserLogin servlet class
INFO    2021-05-13 11:11:36,971 [http-nio-8085-exec-2] main.UserLogin  - Calling loginUser method of service class.
INFO    2021-05-13 11:11:40,973 [http-nio-8085-exec-6] main.UserLogin  - Inside UserLogin servlet class
INFO    2021-05-13 11:11:40,974 [http-nio-8085-exec-6] main.UserLogin  - Calling loginUser method of service class.
INFO    2021-05-13 11:11:42,640 [http-nio-8085-exec-8] main.UserLogin  - Inside UserLogin servlet class
INFO    2021-05-13 11:11:42,644 [http-nio-8085-exec-8] main.UserLogin  - Calling loginUser method of service class.
INFO    2021-05-13 11:11:43,967 [http-nio-8085-exec-2] main.UserLogin  - Inside UserLogin servlet class
INFO    2021-05-13 11:11:43,970 [http-nio-8085-exec-2] main.UserLogin  - Calling loginUser method of service class.
INFO    2021-05-13 11:11:45,622 [http-nio-8085-exec-7] main.UserLogin  - Inside UserLogin servlet class
INFO    2021-05-13 11:11:45,633 [http-nio-8085-exec-7] main.UserLogin  - Calling loginUser method of service class.
INFO    2021-05-13 11:11:48,136 [http-nio-8085-exec-10] main.UserLogin  - Inside UserLogin servlet class
INFO    2021-05-13 11:11:48,137 [http-nio-8085-exec-10] main.UserLogin  - Calling loginUser method of service class.
INFO    2021-05-13 11:15:00,833 [http-nio-8085-exec-10] main.UserLogin  - Inside UserLogin servlet class
INFO    2021-05-13 11:15:00,834 [http-nio-8085-exec-10] main.UserLogin  - Calling loginUser method of service class.
INFO    2021-05-13 11:15:22,937 [http-nio-8085-exec-5] main.UserLogin  - Inside UserLogin servlet class
INFO    2021-05-13 11:15:22,940 [http-nio-8085-exec-5] main.UserLogin  - Calling loginUser method of service class.
INFO    2021-05-13 11:15:59,232 [http-nio-8085-exec-10] main.UserLogin  - Inside UserLogin servlet class
INFO    2021-05-13 11:15:59,239 [http-nio-8085-exec-10] main.UserLogin  - Calling loginUser method of service class.
INFO    2021-05-13 11:15:59,390 [http-nio-8085-exec-10] main.UserLogin  - User login successful.
INFO    2021-05-13 11:23:12,528 [http-nio-8085-exec-7] main.UserLogin  - Inside UserLogin servlet class
INFO    2021-05-13 11:23:12,532 [http-nio-8085-exec-7] main.UserLogin  - Calling loginUser method of service class.
INFO    2021-05-13 11:23:26,692 [http-nio-8085-exec-8] main.UserLogin  - Inside UserLogin servlet class
INFO    2021-05-13 11:23:26,692 [http-nio-8085-exec-8] main.UserLogin  - Calling loginUser method of service class.
INFO    2021-05-13 11:23:26,849 [http-nio-8085-exec-8] main.UserLogin  - User login successful.
INFO    2021-05-13 11:24:19,893 [http-nio-8085-exec-3] main.UserLogin  - Inside UserLogin servlet class
INFO    2021-05-13 11:24:19,894 [http-nio-8085-exec-3] main.UserLogin  - Calling loginUser method of service class.
INFO    2021-05-13 11:24:19,960 [http-nio-8085-exec-3] main.UserLogin  - User login successful.
INFO    2021-05-13 11:24:55,622 [http-nio-8085-exec-8] main.UserLogin  - Inside UserLogin servlet class
INFO    2021-05-13 11:24:55,623 [http-nio-8085-exec-8] main.UserLogin  - Calling loginUser method of service class.
INFO    2021-05-13 11:24:55,702 [http-nio-8085-exec-8] main.UserLogin  - User login successful.
INFO    2021-05-13 11:25:04,194 [http-nio-8085-exec-7] main.UserLogin  - Inside UserLogin servlet class
INFO    2021-05-13 11:25:04,197 [http-nio-8085-exec-7] main.UserLogin  - Calling loginUser method of service class.
INFO    2021-05-13 11:25:07,656 [http-nio-8085-exec-10] main.UserLogin  - Inside UserLogin servlet class
INFO    2021-05-13 11:25:07,656 [http-nio-8085-exec-10] main.UserLogin  - Calling loginUser method of service class.
INFO    2021-05-13 11:25:09,534 [http-nio-8085-exec-3] main.UserLogin  - Inside UserLogin servlet class
INFO    2021-05-13 11:25:09,535 [http-nio-8085-exec-3] main.UserLogin  - Calling loginUser method of service class.
INFO    2021-05-13 11:25:11,467 [http-nio-8085-exec-5] main.UserLogin  - Inside UserLogin servlet class
INFO    2021-05-13 11:25:11,469 [http-nio-8085-exec-5] main.UserLogin  - Calling loginUser method of service class.
INFO    2021-05-13 11:25:27,950 [http-nio-8085-exec-4] main.UserLogin  - Inside UserLogin servlet class
INFO    2021-05-13 11:25:27,950 [http-nio-8085-exec-4] main.UserLogin  - Calling loginUser method of service class.
INFO    2021-05-13 11:25:30,712 [http-nio-8085-exec-6] main.UserLogin  - Inside UserLogin servlet class
INFO    2021-05-13 11:25:30,714 [http-nio-8085-exec-6] main.UserLogin  - Calling loginUser method of service class.
INFO    2021-05-13 11:30:05,187 [http-nio-8085-exec-6] main.UserLogin  - Inside UserLogin servlet class
INFO    2021-05-13 11:30:05,187 [http-nio-8085-exec-6] main.UserLogin  - Calling loginUser method of service class.
INFO    2021-05-13 11:30:06,990 [http-nio-8085-exec-10] main.UserLogin  - Inside UserLogin servlet class
INFO    2021-05-13 11:30:06,991 [http-nio-8085-exec-10] main.UserLogin  - Calling loginUser method of service class.
INFO    2021-05-13 11:30:49,381 [http-nio-8085-exec-9] main.UserLogin  - Inside UserLogin servlet class
INFO    2021-05-13 11:30:49,383 [http-nio-8085-exec-9] main.UserLogin  - Calling loginUser method of service class.
INFO    2021-05-13 11:31:03,498 [http-nio-8085-exec-4] main.UserLogin  - Inside UserLogin servlet class
INFO    2021-05-13 11:31:03,498 [http-nio-8085-exec-4] main.UserLogin  - Calling loginUser method of service class.
INFO    2021-05-13 11:36:02,865 [http-nio-8085-exec-2] main.UserLogin  - Inside UserLogin servlet class
INFO    2021-05-13 11:36:02,865 [http-nio-8085-exec-2] main.UserLogin  - Calling loginUser method of service class.
INFO    2021-05-13 11:36:08,968 [http-nio-8085-exec-10] main.UserLogin  - Inside UserLogin servlet class
INFO    2021-05-13 11:36:08,970 [http-nio-8085-exec-10] main.UserLogin  - Calling loginUser method of service class.
INFO    2021-05-13 11:36:20,075 [http-nio-8085-exec-2] main.UserLogin  - Inside UserLogin servlet class
INFO    2021-05-13 11:36:20,077 [http-nio-8085-exec-2] main.UserLogin  - Calling loginUser method of service class.
INFO    2021-05-13 11:36:35,740 [http-nio-8085-exec-10] main.UserLogin  - Inside UserLogin servlet class
INFO    2021-05-13 11:36:35,742 [http-nio-8085-exec-10] main.UserLogin  - Calling loginUser method of service class.
INFO    2021-05-13 11:36:35,838 [http-nio-8085-exec-10] main.UserLogin  - User login successful.
INFO    2021-05-13 11:41:24,766 [http-nio-8085-exec-1] main.UserLogin  - Inside UserLogin servlet class
INFO    2021-05-13 11:41:24,767 [http-nio-8085-exec-1] main.UserLogin  - Calling loginUser method of service class.
INFO    2021-05-13 11:42:17,172 [http-nio-8085-exec-10] main.UserLogin  - Inside UserLogin servlet class
INFO    2021-05-13 11:42:17,173 [http-nio-8085-exec-10] main.UserLogin  - Calling loginUser method of service class.
INFO    2021-05-13 11:42:29,918 [http-nio-8085-exec-2] main.UserLogin  - Inside UserLogin servlet class
INFO    2021-05-13 11:42:29,919 [http-nio-8085-exec-2] main.UserLogin  - Calling loginUser method of service class.
INFO    2021-05-13 11:42:37,514 [http-nio-8085-exec-10] main.UserLogin  - Inside UserLogin servlet class
INFO    2021-05-13 11:42:37,519 [http-nio-8085-exec-10] main.UserLogin  - Calling loginUser method of service class.
INFO    2021-05-13 11:42:43,833 [http-nio-8085-exec-2] main.UserLogin  - Inside UserLogin servlet class
INFO    2021-05-13 11:42:43,834 [http-nio-8085-exec-2] main.UserLogin  - Calling loginUser method of service class.
INFO    2021-05-13 11:43:00,149 [http-nio-8085-exec-10] main.UserLogin  - Inside UserLogin servlet class
INFO    2021-05-13 11:43:00,150 [http-nio-8085-exec-10] main.UserLogin  - Calling loginUser method of service class.
INFO    2021-05-13 11:43:05,050 [http-nio-8085-exec-2] main.UserLogin  - Inside UserLogin servlet class
INFO    2021-05-13 11:43:05,052 [http-nio-8085-exec-2] main.UserLogin  - Calling loginUser method of service class.
INFO    2021-05-13 11:43:09,965 [http-nio-8085-exec-6] main.UserLogin  - Inside UserLogin servlet class
INFO    2021-05-13 11:43:09,966 [http-nio-8085-exec-6] main.UserLogin  - Calling loginUser method of service class.
INFO    2021-05-13 11:44:00,171 [http-nio-8085-exec-5] main.UserLogin  - Inside UserLogin servlet class
INFO    2021-05-13 11:44:00,172 [http-nio-8085-exec-5] main.UserLogin  - Calling loginUser method of service class.
INFO    2021-05-13 11:44:06,008 [http-nio-8085-exec-3] main.UserLogin  - Inside UserLogin servlet class
INFO    2021-05-13 11:44:06,009 [http-nio-8085-exec-3] main.UserLogin  - Calling loginUser method of service class.
INFO    2021-05-13 11:44:27,093 [http-nio-8085-exec-5] main.UserLogin  - Inside UserLogin servlet class
INFO    2021-05-13 11:44:27,095 [http-nio-8085-exec-5] main.UserLogin  - Calling loginUser method of service class.
INFO    2021-05-13 11:44:27,173 [http-nio-8085-exec-5] main.UserLogin  - User login successful.
INFO    2021-05-13 11:44:33,531 [http-nio-8085-exec-9] main.UserOptionServlet  - Calling servlet to redirect to journey details:
INFO    2021-05-13 11:44:33,554 [http-nio-8085-exec-9] main.ViewJourneyServlet  - calling Flight details method
INFO    2021-05-13 11:52:40,693 [http-nio-8085-exec-5] main.UserLogin  - Inside UserLogin servlet class
INFO    2021-05-13 11:52:40,693 [http-nio-8085-exec-5] main.UserLogin  - Calling loginUser method of service class.
INFO    2021-05-13 11:52:48,418 [http-nio-8085-exec-3] main.UserLogin  - Inside UserLogin servlet class
INFO    2021-05-13 11:52:48,421 [http-nio-8085-exec-3] main.UserLogin  - Calling loginUser method of service class.
INFO    2021-05-13 12:04:45,191 [http-nio-8085-exec-8] main.UserLogin  - Inside UserLogin servlet class
INFO    2021-05-13 12:04:45,192 [http-nio-8085-exec-8] main.UserLogin  - Calling loginUser method of service class.
INFO    2021-05-13 12:04:50,524 [http-nio-8085-exec-1] main.UserLogin  - Inside UserLogin servlet class
INFO    2021-05-13 12:04:50,525 [http-nio-8085-exec-1] main.UserLogin  - Calling loginUser method of service class.
INFO    2021-05-13 12:04:59,748 [http-nio-8085-exec-8] main.UserLogin  - Inside UserLogin servlet class
INFO    2021-05-13 12:04:59,749 [http-nio-8085-exec-8] main.UserLogin  - Calling loginUser method of service class.
INFO    2021-05-13 12:05:05,500 [http-nio-8085-exec-4] main.UserLogin  - Inside UserLogin servlet class
INFO    2021-05-13 12:05:05,501 [http-nio-8085-exec-4] main.UserLogin  - Calling loginUser method of service class.
INFO    2021-05-13 12:05:17,632 [http-nio-8085-exec-5] main.UserLogin  - Inside UserLogin servlet class
INFO    2021-05-13 12:05:17,633 [http-nio-8085-exec-5] main.UserLogin  - Calling loginUser method of service class.
INFO    2021-05-13 12:05:17,715 [http-nio-8085-exec-5] main.UserLogin  - User login successful.
INFO    2021-05-13 12:05:42,945 [http-nio-8085-exec-1] main.UserLogin  - Inside UserLogin servlet class
INFO    2021-05-13 12:05:42,945 [http-nio-8085-exec-1] main.UserLogin  - Calling loginUser method of service class.
INFO    2021-05-13 12:05:53,190 [http-nio-8085-exec-8] main.UserLogin  - Inside UserLogin servlet class
INFO    2021-05-13 12:05:53,190 [http-nio-8085-exec-8] main.UserLogin  - Calling loginUser method of service class.
INFO    2021-05-13 12:06:00,642 [http-nio-8085-exec-1] main.UserLogin  - Inside UserLogin servlet class
INFO    2021-05-13 12:06:00,642 [http-nio-8085-exec-1] main.UserLogin  - Calling loginUser method of service class.
INFO    2021-05-13 12:06:55,004 [http-nio-8085-exec-4] main.UserLogin  - Inside UserLogin servlet class
INFO    2021-05-13 12:06:55,004 [http-nio-8085-exec-4] main.UserLogin  - Calling loginUser method of service class.
INFO    2021-05-13 12:07:18,219 [http-nio-8085-exec-7] main.UserLogin  - Inside UserLogin servlet class
INFO    2021-05-13 12:07:18,219 [http-nio-8085-exec-7] main.UserLogin  - Calling loginUser method of service class.
INFO    2021-05-13 12:12:16,516 [http-nio-8085-exec-1] main.UserLogin  - Inside UserLogin servlet class
INFO    2021-05-13 12:12:16,517 [http-nio-8085-exec-1] main.UserLogin  - Calling loginUser method of service class.
INFO    2021-05-13 12:12:36,263 [http-nio-8085-exec-9] main.UserLogin  - Inside UserLogin servlet class
INFO    2021-05-13 12:12:36,264 [http-nio-8085-exec-9] main.UserLogin  - Calling loginUser method of service class.
INFO    2021-05-13 12:12:42,255 [http-nio-8085-exec-1] main.UserLogin  - Inside UserLogin servlet class
INFO    2021-05-13 12:12:42,256 [http-nio-8085-exec-1] main.UserLogin  - Calling loginUser method of service class.
INFO    2021-05-13 12:12:45,947 [http-nio-8085-exec-6] main.UserLogin  - Inside UserLogin servlet class
INFO    2021-05-13 12:12:45,949 [http-nio-8085-exec-6] main.UserLogin  - Calling loginUser method of service class.
INFO    2021-05-13 12:13:43,627 [http-nio-8085-exec-1] main.UserLogin  - Inside UserLogin servlet class
INFO    2021-05-13 12:13:43,628 [http-nio-8085-exec-1] main.UserLogin  - Calling loginUser method of service class.
INFO    2021-05-13 12:13:48,080 [http-nio-8085-exec-9] main.UserLogin  - Inside UserLogin servlet class
INFO    2021-05-13 12:13:48,081 [http-nio-8085-exec-9] main.UserLogin  - Calling loginUser method of service class.
INFO    2021-05-13 12:14:37,622 [http-nio-8085-exec-8] main.UserLogin  - Inside UserLogin servlet class
INFO    2021-05-13 12:14:37,623 [http-nio-8085-exec-8] main.UserLogin  - Calling loginUser method of service class.
INFO    2021-05-13 12:14:43,193 [http-nio-8085-exec-3] main.UserLogin  - Inside UserLogin servlet class
INFO    2021-05-13 12:14:43,196 [http-nio-8085-exec-3] main.UserLogin  - Calling loginUser method of service class.
INFO    2021-05-14 00:31:43,627 [http-nio-8085-exec-8] main.ViewJourneyServlet  - calling Flight details method
INFO    2021-05-14 00:32:58,131 [http-nio-8085-exec-1] main.UserLogin  - Inside UserLogin servlet class
INFO    2021-05-14 00:32:58,145 [http-nio-8085-exec-1] main.UserLogin  - Calling loginUser method of service class.
INFO    2021-05-14 00:32:58,466 [http-nio-8085-exec-1] main.UserLogin  - User login successful.
INFO    2021-05-14 00:33:04,334 [http-nio-8085-exec-4] main.UserOptionServlet  - Calling servlet to redirect to journey details:
INFO    2021-05-14 00:33:04,344 [http-nio-8085-exec-4] main.ViewJourneyServlet  - calling Flight details method
